# JRE version: Java(TM) SE Runtime Environment (8.0_77-b03) (build 1.8.0_77-b03)
# Java VM: Java HotSpot(TM) 64-Bit Server VM (25.77-b03 mixed mode windows-amd64 compressed oops)
Heap:
 PSYoungGen      total 17920K, used 14280K [0x00000000ec380000, 0x00000000ed780000, 0x0000000100000000)
  eden space 15360K, 76% used [0x00000000ec380000,0x00000000ecef8ef0,0x00000000ed280000)
  from space 2560K, 98% used [0x00000000ed500000,0x00000000ed779488,0x00000000ed780000)
  to   space 2560K, 0% used [0x00000000ed280000,0x00000000ed280000,0x00000000ed500000)
 ParOldGen       total 40960K, used 9341K [0x00000000c4a00000, 0x00000000c7200000, 0x00000000ec380000)
  object space 40960K, 22% used [0x00000000c4a00000,0x00000000c531f7a8,0x00000000c7200000)
 Metaspace       used 12066K, capacity 12486K, committed 12800K, reserved 1062912K
  class space    used 1582K, capacity 1715K, committed 1792K, reserved 1048576K
GC Heap History (6 events):
Event: 0.390 GC heap before
{Heap before GC invocations=1 (full 0):
 PSYoungGen      total 17920K, used 12113K [0x00000000ec380000, 0x00000000ed780000, 0x0000000100000000)
  eden space 15360K, 78% used [0x00000000ec380000,0x00000000ecf54418,0x00000000ed280000)
  from space 2560K, 0% used [0x00000000ed500000,0x00000000ed500000,0x00000000ed780000)
  to   space 2560K, 0% used [0x00000000ed280000,0x00000000ed280000,0x00000000ed500000)
 ParOldGen       total 40960K, used 0K [0x00000000c4a00000, 0x00000000c7200000, 0x00000000ec380000)
  object space 40960K, 0% used [0x00000000c4a00000,0x00000000c4a00000,0x00000000c7200000)
 Metaspace       used 8361K, capacity 8702K, committed 8832K, reserved 1056768K
  class space    used 1055K, capacity 1140K, committed 1152K, reserved 1048576K
Event: 0.393 GC heap after
Heap after GC invocations=1 (full 0):
 PSYoungGen      total 17920K, used 1712K [0x00000000ec380000, 0x00000000ed780000, 0x0000000100000000)
  eden space 15360K, 0% used [0x00000000ec380000,0x00000000ec380000,0x00000000ed280000)
  from space 2560K, 66% used [0x00000000ed280000,0x00000000ed42c030,0x00000000ed500000)
  to   space 2560K, 0% used [0x00000000ed500000,0x00000000ed500000,0x00000000ed780000)
 ParOldGen       total 40960K, used 8K [0x00000000c4a00000, 0x00000000c7200000, 0x00000000ec380000)
  object space 40960K, 0% used [0x00000000c4a00000,0x00000000c4a02000,0x00000000c7200000)
 Metaspace       used 8361K, capacity 8702K, committed 8832K, reserved 1056768K
  class space    used 1055K, capacity 1140K, committed 1152K, reserved 1048576K
}
Event: 0.685 GC heap before
{Heap before GC invocations=2 (full 0):
 PSYoungGen      total 17920K, used 17072K [0x00000000ec380000, 0x00000000ed780000, 0x0000000100000000)
  eden space 15360K, 100% used [0x00000000ec380000,0x00000000ed280000,0x00000000ed280000)
  from space 2560K, 66% used [0x00000000ed280000,0x00000000ed42c030,0x00000000ed500000)
  to   space 2560K, 0% used [0x00000000ed500000,0x00000000ed500000,0x00000000ed780000)
 ParOldGen       total 40960K, used 8K [0x00000000c4a00000, 0x00000000c7200000, 0x00000000ec380000)
  object space 40960K, 0% used [0x00000000c4a00000,0x00000000c4a02000,0x00000000c7200000)
 Metaspace       used 10141K, capacity 10542K, committed 10752K, reserved 1058816K
  class space    used 1376K, capacity 1501K, committed 1536K, reserved 1048576K
Event: 0.689 GC heap after
Heap after GC invocations=2 (full 0):
 PSYoungGen      total 17920K, used 1955K [0x00000000ec380000, 0x00000000ee680000, 0x0000000100000000)
  eden space 15360K, 0% used [0x00000000ec380000,0x00000000ec380000,0x00000000ed280000)
  from space 2560K, 76% used [0x00000000ed500000,0x00000000ed6e8e48,0x00000000ed780000)
  to   space 2560K, 0% used [0x00000000ed280000,0x00000000ed280000,0x00000000ed500000)
 ParOldGen       total 40960K, used 5199K [0x00000000c4a00000, 0x00000000c7200000, 0x00000000ec380000)
  object space 40960K, 12% used [0x00000000c4a00000,0x00000000c4f13d48,0x00000000c7200000)
 Metaspace       used 10141K, capacity 10542K, committed 10752K, reserved 1058816K
  class space    used 1376K, capacity 1501K, committed 1536K, reserved 1048576K
}
Event: 6.750 GC heap before
{Heap before GC invocations=3 (full 0):
 PSYoungGen      total 17920K, used 17315K [0x00000000ec380000, 0x00000000ee680000, 0x0000000100000000)
  eden space 15360K, 100% used [0x00000000ec380000,0x00000000ed280000,0x00000000ed280000)
  from space 2560K, 76% used [0x00000000ed500000,0x00000000ed6e8e48,0x00000000ed780000)
  to   space 2560K, 0% used [0x00000000ed280000,0x00000000ed280000,0x00000000ed500000)
 ParOldGen       total 40960K, used 5199K [0x00000000c4a00000, 0x00000000c7200000, 0x00000000ec380000)
  object space 40960K, 12% used [0x00000000c4a00000,0x00000000c4f13d48,0x00000000c7200000)
 Metaspace       used 11704K, capacity 12058K, committed 12160K, reserved 1060864K
  class space    used 1544K, capacity 1661K, committed 1664K, reserved 1048576K
Event: 6.760 GC heap after
Heap after GC invocations=3 (full 0):
 PSYoungGen      total 17920K, used 2528K [0x00000000ec380000, 0x00000000ed780000, 0x0000000100000000)
  eden space 15360K, 0% used [0x00000000ec380000,0x00000000ec380000,0x00000000ed280000)
  from space 2560K, 98% used [0x00000000ed280000,0x00000000ed4f8020,0x00000000ed500000)
  to   space 2560K, 0% used [0x00000000ed500000,0x00000000ed500000,0x00000000ed780000)
 ParOldGen       total 40960K, used 7217K [0x00000000c4a00000, 0x00000000c7200000, 0x00000000ec380000)
  object space 40960K, 17% used [0x00000000c4a00000,0x00000000c510c580,0x00000000c7200000)
 Metaspace       used 11704K, capacity 12058K, committed 12160K, reserved 1060864K
  class space    used 1544K, capacity 1661K, committed 1664K, reserved 1048576K
}

